
============================================================
FILE: tests/test_watchdog.py
============================================================
============================= test session starts =============================
platform win32 -- Python 3.13.5, pytest-9.0.2, pluggy-1.6.0 -- C:\Python313\python.exe
cachedir: .pytest_cache
metadata: {'Python': '3.13.5', 'Platform': 'Windows-11-10.0.26200-SP0', 'Packages': {'pytest': '9.0.2', 'pluggy': '1.6.0'}, 'Plugins': {'anyio': '4.12.1', 'html': '4.0.2', 'metadata': '3.1.1', 'ordering': '0.6', 'rerunfailures': '16.1', 'timeout': '2.4.0', 'xdist': '3.8.0', 'seleniumbase': '4.47.1'}}
rootdir: C:\Downloads\mail
plugins: anyio-4.12.1, html-4.0.2, metadata-3.1.1, ordering-0.6, rerunfailures-16.1, timeout-2.4.0, xdist-3.8.0, seleniumbase-4.47.1
collecting ... collected 93 items

tests/test_watchdog.py::TestCheckHungWorkers::test_alive_with_progress_not_hung PASSED [  1%]
tests/test_watchdog.py::TestCheckHungWorkers::test_alive_without_progress_returns_warning_issue PASSED [  2%]
tests/test_watchdog.py::TestCheckHungWorkers::test_issue_mentions_company_name PASSED [  3%]
tests/test_watchdog.py::TestCheckHungWorkers::test_multiple_only_hung_ones_flagged PASSED [  4%]
tests/test_watchdog.py::TestCheckHungWorkers::test_no_heartbeats_returns_empty PASSED [  5%]
tests/test_watchdog.py::TestWatchdogConstants::test_fullscan_threshold_generous PASSED [  6%]
tests/test_watchdog.py::TestWatchdogConstants::test_heartbeat_dead_after_all_positive PASSED [  7%]
tests/test_watchdog.py::TestWatchdogConstants::test_heartbeat_dead_after_has_all_workers PASSED [  8%]
tests/test_watchdog.py::TestWatchdogConstants::test_pel_warn_age_ms_at_least_one_minute PASSED [  9%]
tests/test_watchdog.py::TestWatchdogConstants::test_watchdog_interval_is_300 PASSED [ 10%]
tests/test_watchdog.py::TestWatchdogConstants::test_watchdog_interval_positive PASSED [ 11%]
tests/test_watchdog.py::TestWatchdogHelperFunctions::test_consumer_pid_bytes_input PASSED [ 12%]
tests/test_watchdog.py::TestWatchdogHelperFunctions::test_consumer_pid_empty_string PASSED [ 13%]
tests/test_watchdog.py::TestWatchdogHelperFunctions::test_consumer_pid_multi_segment_hostname PASSED [ 15%]
tests/test_watchdog.py::TestWatchdogHelperFunctions::test_consumer_pid_no_trailing_int PASSED [ 16%]
tests/test_watchdog.py::TestWatchdogHelperFunctions::test_consumer_pid_valid_format PASSED [ 17%]
tests/test_watchdog.py::TestWatchdogHelperFunctions::test_trend_negative_is_down_arrow PASSED [ 18%]
tests/test_watchdog.py::TestWatchdogHelperFunctions::test_trend_positive_is_up_arrow PASSED [ 19%]
tests/test_watchdog.py::TestWatchdogHelperFunctions::test_trend_zero_is_right_arrow PASSED [ 20%]
tests/test_watchdog.py::TestWatchdogHelperFunctions::test_worker_processed_key_missing PASSED [ 21%]
tests/test_watchdog.py::TestWatchdogHelperFunctions::test_worker_processed_key_present PASSED [ 22%]
tests/test_watchdog.py::TestWatchdogHelperFunctions::test_worker_processed_multiple_workers_summed PASSED [ 23%]
tests/test_watchdog.py::TestWatchdogHelperFunctions::test_worker_processed_unparseable_returns_none PASSED [ 24%]
tests/test_watchdog.py::TestCheckWorkerHeartbeats::test_all_4_worker_categories_covered PASSED [ 25%]
tests/test_watchdog.py::TestCheckWorkerHeartbeats::test_consecutive_deaths_2_is_ok PASSED [ 26%]
tests/test_watchdog.py::TestCheckWorkerHeartbeats::test_consecutive_deaths_3_produces_warning PASSED [ 27%]
tests/test_watchdog.py::TestCheckWorkerHeartbeats::test_consecutive_deaths_5_produces_error PASSED [ 29%]
tests/test_watchdog.py::TestCheckWorkerHeartbeats::test_detail_consecutive_deaths_threshold PASSED [ 30%]
tests/test_watchdog.py::TestCheckWorkerHeartbeats::test_health_key_missing_returns_warning PASSED [ 31%]
tests/test_watchdog.py::TestCheckWorkerHeartbeats::test_pool_healthy_all_ok PASSED [ 32%]
tests/test_watchdog.py::TestCheckWorkerHeartbeats::test_scheduler_key_missing_returns_single_error PASSED [ 33%]
tests/test_watchdog.py::TestCheckWorkerHeartbeats::test_scheduler_key_stale_returns_error PASSED [ 34%]
tests/test_watchdog.py::TestCheckWorkerHeartbeats::test_scheduler_ok_at_19_seconds PASSED [ 35%]
tests/test_watchdog.py::TestCheckWorkerHeartbeats::test_scheduler_stale_at_21_seconds PASSED [ 36%]
tests/test_watchdog.py::TestCheckWorkerHeartbeats::test_unparseable_health_returns_warning PASSED [ 37%]
tests/test_watchdog.py::TestCheckWorkerHeartbeats::test_unparseable_scheduler_payload_treated_as_ok PASSED [ 38%]
tests/test_watchdog.py::TestStallCount::test_2_stalling_1_progressing PASSED [ 39%]
tests/test_watchdog.py::TestStallCount::test_all_3_progressing PASSED    [ 40%]
tests/test_watchdog.py::TestStallCount::test_all_3_stalling PASSED       [ 41%]
tests/test_watchdog.py::TestStallCount::test_all_none_returns_zero_zero PASSED [ 43%]
tests/test_watchdog.py::TestStallCount::test_s1_growing_stalls PASSED    [ 44%]
tests/test_watchdog.py::TestStallCount::test_s1_not_shrinking_stalls PASSED [ 45%]
tests/test_watchdog.py::TestStallCount::test_s1_overdue_zero_not_counted PASSED [ 46%]
tests/test_watchdog.py::TestStallCount::test_s1_shrinking_no_stall PASSED [ 47%]
tests/test_watchdog.py::TestStallCount::test_s2_different_company_no_stall PASSED [ 48%]
tests/test_watchdog.py::TestStallCount::test_s2_prev_head_none_not_counted PASSED [ 49%]
tests/test_watchdog.py::TestStallCount::test_s2_same_company_same_score_stalls PASSED [ 50%]
tests/test_watchdog.py::TestStallCount::test_s2_score_changed_gt_1_no_stall PASSED [ 51%]
tests/test_watchdog.py::TestStallCount::test_s2_score_changed_lt_1_stalls PASSED [ 52%]
tests/test_watchdog.py::TestStallCount::test_s3_increased_no_stall PASSED [ 53%]
tests/test_watchdog.py::TestStallCount::test_s3_prev_none_not_counted PASSED [ 54%]
tests/test_watchdog.py::TestStallCount::test_s3_unchanged_stalls PASSED  [ 55%]
tests/test_watchdog.py::TestCheckQueueHealthVelocity::test_detail_queue_draining_ok PASSED [ 56%]
tests/test_watchdog.py::TestCheckQueueHealthVelocity::test_detail_queue_idle_is_ok PASSED [ 58%]
tests/test_watchdog.py::TestCheckQueueHealthVelocity::test_detail_queue_stalled_at_alert_level_is_error PASSED [ 59%]
tests/test_watchdog.py::TestCheckQueueHealthVelocity::test_empty_adaptive_queue_always_error PASSED [ 60%]
tests/test_watchdog.py::TestCheckQueueHealthVelocity::test_fullscan_lock_active_suppresses_stall PASSED [ 61%]
tests/test_watchdog.py::TestCheckQueueHealthVelocity::test_no_prior_snapshot_baseline_all_ok PASSED [ 62%]
tests/test_watchdog.py::TestCheckQueueHealthVelocity::test_no_prior_snapshot_writes_new_snapshot PASSED [ 63%]
tests/test_watchdog.py::TestCheckQueueHealthVelocity::test_queue_making_progress_is_ok PASSED [ 64%]
tests/test_watchdog.py::TestCheckQueueHealthVelocity::test_three_stall_signals_produces_error PASSED [ 65%]
tests/test_watchdog.py::TestCheckQueueHealthVelocity::test_two_stall_signals_produces_warning PASSED [ 66%]
tests/test_watchdog.py::TestCheckPelHealthPID::test_consumer_alive_same_pid_is_ok_regardless_of_age PASSED [ 67%]
tests/test_watchdog.py::TestCheckPelHealthPID::test_consumer_dead_age_above_alert_is_error PASSED [ 68%]
tests/test_watchdog.py::TestCheckPelHealthPID::test_consumer_dead_age_above_warn_is_warning PASSED [ 69%]
tests/test_watchdog.py::TestCheckPelHealthPID::test_consumer_dead_age_below_warn_is_ok PASSED [ 70%]
tests/test_watchdog.py::TestCheckPelHealthPID::test_unparseable_consumer_name_treated_as_dead PASSED [ 72%]
tests/test_watchdog.py::TestCheckPelHealthPID::test_xpending_error_produces_warning_not_crash PASSED [ 73%]
tests/test_watchdog.py::TestCheckPelHealthPID::test_zero_pending_is_ok PASSED [ 74%]
tests/test_watchdog.py::TestIssueClass::test_alert_type_defaults_from_category_spaces PASSED [ 75%]
tests/test_watchdog.py::TestIssueClass::test_alert_type_derived_from_category PASSED [ 76%]
tests/test_watchdog.py::TestIssueClass::test_alert_type_uses_provided_value PASSED [ 77%]
tests/test_watchdog.py::TestIssueClass::test_emoji_critical_is_red PASSED [ 78%]
tests/test_watchdog.py::TestIssueClass::test_emoji_error_is_red PASSED   [ 79%]
tests/test_watchdog.py::TestIssueClass::test_emoji_ok_is_green PASSED    [ 80%]
tests/test_watchdog.py::TestIssueClass::test_emoji_warning_is_yellow PASSED [ 81%]
tests/test_watchdog.py::TestIssueClass::test_fields_stored_correctly PASSED [ 82%]
tests/test_watchdog.py::TestIssueClass::test_fix_defaults_to_empty_string PASSED [ 83%]
tests/test_watchdog.py::TestIssueClass::test_is_alertable_false_for_ok PASSED [ 84%]
tests/test_watchdog.py::TestIssueClass::test_is_alertable_false_for_warning PASSED [ 86%]
tests/test_watchdog.py::TestIssueClass::test_is_alertable_true_for_critical PASSED [ 87%]
tests/test_watchdog.py::TestIssueClass::test_is_alertable_true_for_error PASSED [ 88%]
tests/test_watchdog.py::TestIssueClass::test_level_constants_exist PASSED [ 89%]
tests/test_watchdog.py::TestIssueClass::test_str_includes_fix_when_set PASSED [ 90%]
tests/test_watchdog.py::TestIssueClass::test_str_includes_level_category_message PASSED [ 91%]
tests/test_watchdog.py::TestIssueClass::test_str_omits_fix_when_empty PASSED [ 92%]
tests/test_watchdog.py::TestAdditionalHeartbeatThresholds::test_all_4_worker_categories_with_scheduler_alive PASSED [ 93%]
tests/test_watchdog.py::TestAdditionalHeartbeatThresholds::test_err_deaths_boundary_at_4 PASSED [ 94%]
tests/test_watchdog.py::TestAdditionalHeartbeatThresholds::test_err_deaths_boundary_at_5 PASSED [ 95%]
tests/test_watchdog.py::TestAdditionalHeartbeatThresholds::test_scheduler_ok_at_19_seconds PASSED [ 96%]
tests/test_watchdog.py::TestAdditionalHeartbeatThresholds::test_scheduler_stale_at_21_seconds PASSED [ 97%]
tests/test_watchdog.py::TestAdditionalHeartbeatThresholds::test_warn_deaths_boundary_at_2 PASSED [ 98%]
tests/test_watchdog.py::TestAdditionalHeartbeatThresholds::test_warn_deaths_boundary_at_3 PASSED [100%]

============================= 93 passed in 0.46s ==============================

============================================================
FILE: tests/test_fullscan_helpers.py
============================================================
============================= test session starts =============================
platform win32 -- Python 3.13.5, pytest-9.0.2, pluggy-1.6.0 -- C:\Python313\python.exe
cachedir: .pytest_cache
metadata: {'Python': '3.13.5', 'Platform': 'Windows-11-10.0.26200-SP0', 'Packages': {'pytest': '9.0.2', 'pluggy': '1.6.0'}, 'Plugins': {'anyio': '4.12.1', 'html': '4.0.2', 'metadata': '3.1.1', 'ordering': '0.6', 'rerunfailures': '16.1', 'timeout': '2.4.0', 'xdist': '3.8.0', 'seleniumbase': '4.47.1'}}
rootdir: C:\Downloads\mail
plugins: anyio-4.12.1, html-4.0.2, metadata-3.1.1, ordering-0.6, rerunfailures-16.1, timeout-2.4.0, xdist-3.8.0, seleniumbase-4.47.1
collecting ... collected 69 items

tests/test_fullscan_helpers.py::TestBloomPairFallbackMode::test_finalize_deletes_old_keys PASSED [  1%]
tests/test_fullscan_helpers.py::TestBloomPairFallbackMode::test_finalize_renames_new_to_old PASSED [  2%]
tests/test_fullscan_helpers.py::TestBloomPairFallbackMode::test_new_add_calls_sadd_on_new_fallback_key PASSED [  4%]
tests/test_fullscan_helpers.py::TestBloomPairFallbackMode::test_new_key_naming PASSED [  5%]
tests/test_fullscan_helpers.py::TestBloomPairFallbackMode::test_old_exists_calls_sismember_on_old_fallback_key PASSED [  7%]
tests/test_fullscan_helpers.py::TestBloomPairFallbackMode::test_old_exists_returns_false_when_not_in_fallback PASSED [  8%]
tests/test_fullscan_helpers.py::TestBloomPairFallbackMode::test_old_exists_returns_true_when_in_fallback PASSED [ 10%]
tests/test_fullscan_helpers.py::TestBloomPairFallbackMode::test_old_key_naming PASSED [ 11%]
tests/test_fullscan_helpers.py::TestBloomPairFallbackMode::test_prepare_fresh_deletes_new_keys PASSED [ 13%]
tests/test_fullscan_helpers.py::TestBloomPairFallbackMode::test_probe_sets_use_bf_false_when_bf_unavailable PASSED [ 14%]
tests/test_fullscan_helpers.py::TestBloomPairBfMode::test_bf_exception_in_new_add_falls_back_to_sadd PASSED [ 15%]
tests/test_fullscan_helpers.py::TestBloomPairBfMode::test_bf_exception_in_old_exists_falls_back_to_sismember PASSED [ 17%]
tests/test_fullscan_helpers.py::TestBloomPairBfMode::test_new_add_calls_bf_add_on_new_key PASSED [ 18%]
tests/test_fullscan_helpers.py::TestBloomPairBfMode::test_old_exists_calls_bf_exists_on_old_key PASSED [ 20%]
tests/test_fullscan_helpers.py::TestBloomPairBfMode::test_old_exists_returns_false_when_bf_returns_0 PASSED [ 21%]
tests/test_fullscan_helpers.py::TestBloomPairBfMode::test_old_exists_returns_true_when_bf_returns_1 PASSED [ 23%]
tests/test_fullscan_helpers.py::TestBloomPairBfMode::test_probe_result_cached PASSED [ 24%]
tests/test_fullscan_helpers.py::TestBloomPairBfMode::test_probe_sets_use_bf_true_when_bf_available PASSED [ 26%]
tests/test_fullscan_helpers.py::TestIsPaused::test_maintenance_key_exists_returns_true PASSED [ 27%]
tests/test_fullscan_helpers.py::TestIsPaused::test_maintenance_key_missing_returns_false PASSED [ 28%]
tests/test_fullscan_helpers.py::TestIsPaused::test_uses_redis_db_maintenance_key PASSED [ 30%]
tests/test_fullscan_helpers.py::TestAcquireReleaseLock::test_acquire_lock_key_format PASSED [ 31%]
tests/test_fullscan_helpers.py::TestAcquireReleaseLock::test_acquire_returns_false_when_nx_fails PASSED [ 33%]
tests/test_fullscan_helpers.py::TestAcquireReleaseLock::test_acquire_returns_true_when_nx_succeeds PASSED [ 34%]
tests/test_fullscan_helpers.py::TestAcquireReleaseLock::test_acquire_uses_nx_and_ex_flags PASSED [ 36%]
tests/test_fullscan_helpers.py::TestAcquireReleaseLock::test_release_lock_checks_correct_key PASSED [ 37%]
tests/test_fullscan_helpers.py::TestAcquireReleaseLock::test_release_lock_deletes_key_when_holder_matches PASSED [ 39%]
tests/test_fullscan_helpers.py::TestAcquireReleaseLock::test_release_lock_does_nothing_when_different_holder PASSED [ 40%]
tests/test_fullscan_helpers.py::TestDeferAdaptiveFirst::test_both_zadd_calls_made PASSED [ 42%]
tests/test_fullscan_helpers.py::TestDeferAdaptiveFirst::test_fullscan_delay_is_900_seconds PASSED [ 43%]
tests/test_fullscan_helpers.py::TestDeferAdaptiveFirst::test_zadd_to_adaptive_with_score_now PASSED [ 44%]
tests/test_fullscan_helpers.py::TestDeferAdaptiveFirst::test_zadd_to_fullscan_with_future_score PASSED [ 46%]
tests/test_fullscan_helpers.py::TestGetCycleStart::test_returns_float_when_key_set PASSED [ 47%]
tests/test_fullscan_helpers.py::TestGetCycleStart::test_returns_none_when_key_not_set PASSED [ 49%]
tests/test_fullscan_helpers.py::TestGetCycleStart::test_uses_cycle_start_key PASSED [ 50%]
tests/test_fullscan_helpers.py::TestBuildDetailPayload::test_company_and_platform_stored PASSED [ 52%]
tests/test_fullscan_helpers.py::TestBuildDetailPayload::test_country_code_forwarded_when_present PASSED [ 53%]
tests/test_fullscan_helpers.py::TestBuildDetailPayload::test_country_code_not_added_when_absent PASSED [ 55%]
tests/test_fullscan_helpers.py::TestBuildDetailPayload::test_enqueued_at_is_iso_string PASSED [ 56%]
tests/test_fullscan_helpers.py::TestBuildDetailPayload::test_found_by_is_tier2_fullscan PASSED [ 57%]
tests/test_fullscan_helpers.py::TestBuildDetailPayload::test_greenhouse_no_platform_specific_keys PASSED [ 59%]
tests/test_fullscan_helpers.py::TestBuildDetailPayload::test_icims_base_url_and_feed_type_forwarded PASSED [ 60%]
tests/test_fullscan_helpers.py::TestBuildDetailPayload::test_job_id_stored PASSED [ 62%]
tests/test_fullscan_helpers.py::TestBuildDetailPayload::test_jobvite_slug_forwarded PASSED [ 63%]
tests/test_fullscan_helpers.py::TestBuildDetailPayload::test_platform_specific_key_not_added_when_none PASSED [ 65%]
tests/test_fullscan_helpers.py::TestBuildDetailPayload::test_posted_at_datetime_converted_to_isoformat PASSED [ 66%]
tests/test_fullscan_helpers.py::TestBuildDetailPayload::test_posted_at_string_passed_through PASSED [ 68%]
tests/test_fullscan_helpers.py::TestBuildDetailPayload::test_required_keys_present PASSED [ 69%]
tests/test_fullscan_helpers.py::TestBuildDetailPayload::test_slug_info_stored_in_payload PASSED [ 71%]
tests/test_fullscan_helpers.py::TestBuildDetailPayload::test_smartrecruiters_company_slug_forwarded PASSED [ 72%]
tests/test_fullscan_helpers.py::TestBuildDetailPayload::test_taleo_contest_no_forwarded PASSED [ 73%]
tests/test_fullscan_helpers.py::TestBuildDetailPayload::test_unknown_platform_no_crash PASSED [ 75%]
tests/test_fullscan_helpers.py::TestBuildDetailPayload::test_workday_external_path_forwarded PASSED [ 76%]
tests/test_fullscan_helpers.py::TestFullscanConstants::test_adaptive_first_delay_is_900 PASSED [ 78%]
tests/test_fullscan_helpers.py::TestFullscanConstants::test_bloom_capacity_is_10000 PASSED [ 79%]
tests/test_fullscan_helpers.py::TestFullscanConstants::test_bloom_capacity_positive PASSED [ 81%]
tests/test_fullscan_helpers.py::TestFullscanConstants::test_fullscan_chunk_size_is_50 PASSED [ 82%]
tests/test_fullscan_helpers.py::TestFullscanConstants::test_pause_poll_secs_positive PASSED [ 84%]
tests/test_fullscan_helpers.py::TestCompleteFullscanDbEMA::test_alpha_is_0_3 PASSED [ 85%]
tests/test_fullscan_helpers.py::TestCompleteFullscanDbEMA::test_both_ema_columns_in_sql PASSED [ 86%]
tests/test_fullscan_helpers.py::TestCompleteFullscanDbEMA::test_first_scan_ema_from_default_prev PASSED [ 88%]
tests/test_fullscan_helpers.py::TestCompleteFullscanDbEMA::test_last_duration_written_as_int PASSED [ 89%]
tests/test_fullscan_helpers.py::TestCompleteFullscanDbEMA::test_persistence_contract PASSED [ 91%]
tests/test_fullscan_helpers.py::TestCompleteFullscanDbEMA::test_subsequent_scan_ema_from_prev PASSED [ 92%]
tests/test_fullscan_helpers.py::TestCompleteFullscanDbEMA::test_zero_duration_valid PASSED [ 94%]
tests/test_fullscan_helpers.py::TestInflightFullscanLifecycle::test_inflight_key_name_matches_config PASSED [ 95%]
tests/test_fullscan_helpers.py::TestInflightFullscanLifecycle::test_inflight_zadd_written_at_scan_start PASSED [ 97%]
tests/test_fullscan_helpers.py::TestInflightFullscanLifecycle::test_inflight_zrem_called_in_finally PASSED [ 98%]
tests/test_fullscan_helpers.py::TestInflightFullscanLifecycle::test_redis_unavailable_for_zadd_non_fatal PASSED [100%]

============================= 69 passed in 0.83s ==============================

============================================================
FILE: tests/test_scheduler_contracts.py
============================================================
============================= test session starts =============================
platform win32 -- Python 3.13.5, pytest-9.0.2, pluggy-1.6.0 -- C:\Python313\python.exe
cachedir: .pytest_cache
metadata: {'Python': '3.13.5', 'Platform': 'Windows-11-10.0.26200-SP0', 'Packages': {'pytest': '9.0.2', 'pluggy': '1.6.0'}, 'Plugins': {'anyio': '4.12.1', 'html': '4.0.2', 'metadata': '3.1.1', 'ordering': '0.6', 'rerunfailures': '16.1', 'timeout': '2.4.0', 'xdist': '3.8.0', 'seleniumbase': '4.47.1'}}
rootdir: C:\Downloads\mail
plugins: anyio-4.12.1, html-4.0.2, metadata-3.1.1, ordering-0.6, rerunfailures-16.1, timeout-2.4.0, xdist-3.8.0, seleniumbase-4.47.1
collecting ... collected 72 items

tests/test_scheduler_contracts.py::TestBackoffCalculation::test_backoff_constants_are_correct PASSED [  1%]
tests/test_scheduler_contracts.py::TestBackoffCalculation::test_first_call_sets_ttl PASSED [  2%]
tests/test_scheduler_contracts.py::TestBackoffCalculation::test_incr_called_with_correct_key PASSED [  4%]
tests/test_scheduler_contracts.py::TestBackoffCalculation::test_retry_0_first_failure PASSED [  5%]
tests/test_scheduler_contracts.py::TestBackoffCalculation::test_retry_1 PASSED [  6%]
tests/test_scheduler_contracts.py::TestBackoffCalculation::test_retry_10_still_giveup PASSED [  8%]
tests/test_scheduler_contracts.py::TestBackoffCalculation::test_retry_2 PASSED [  9%]
tests/test_scheduler_contracts.py::TestBackoffCalculation::test_retry_3 PASSED [ 11%]
tests/test_scheduler_contracts.py::TestBackoffCalculation::test_retry_4_capped PASSED [ 12%]
tests/test_scheduler_contracts.py::TestBackoffCalculation::test_retry_5_giveup PASSED [ 13%]
tests/test_scheduler_contracts.py::TestBackoffCalculation::test_subsequent_call_does_not_reset_ttl PASSED [ 15%]
tests/test_scheduler_contracts.py::TestBackoffKeyNamespace::test_different_companies_distinct_keys PASSED [ 16%]
tests/test_scheduler_contracts.py::TestBackoffKeyNamespace::test_get_backoff_delay_uses_correct_key PASSED [ 18%]
tests/test_scheduler_contracts.py::TestBackoffKeyNamespace::test_key_includes_prefix PASSED [ 19%]
tests/test_scheduler_contracts.py::TestBackoffKeyNamespace::test_scan_and_detail_keys_distinct PASSED [ 20%]
tests/test_scheduler_contracts.py::TestBackoffKeyNamespace::test_scan_and_fullscan_keys_distinct PASSED [ 22%]
tests/test_scheduler_contracts.py::TestPickScheduleTime::test_deadline_guard_all_gaps_fail_returns_target PASSED [ 23%]
tests/test_scheduler_contracts.py::TestPickScheduleTime::test_deadline_guard_skips_late_gaps PASSED [ 25%]
tests/test_scheduler_contracts.py::TestPickScheduleTime::test_empty_window_returns_target PASSED [ 26%]
tests/test_scheduler_contracts.py::TestPickScheduleTime::test_equal_gaps_tiebreaker_closest_to_target PASSED [ 27%]
tests/test_scheduler_contracts.py::TestPickScheduleTime::test_no_deadline_avg_duration_has_no_effect PASSED [ 29%]
tests/test_scheduler_contracts.py::TestPickScheduleTime::test_picks_largest_gap_globally PASSED [ 30%]
tests/test_scheduler_contracts.py::TestPickScheduleTime::test_result_always_within_window PASSED [ 31%]
tests/test_scheduler_contracts.py::TestPickScheduleTime::test_single_entry_at_hi_picks_left_gap PASSED [ 33%]
tests/test_scheduler_contracts.py::TestPickScheduleTime::test_single_entry_at_lo_picks_right_gap PASSED [ 34%]
tests/test_scheduler_contracts.py::TestPickScheduleTime::test_three_calls_from_cluster_produce_distinct_times PASSED [ 36%]
tests/test_scheduler_contracts.py::TestNextDigestDeadline::test_after_7am_et_returns_tomorrow PASSED [ 37%]
tests/test_scheduler_contracts.py::TestNextDigestDeadline::test_before_7am_et_returns_today PASSED [ 38%]
tests/test_scheduler_contracts.py::TestNextDigestDeadline::test_exactly_at_7am_et_returns_tomorrow PASSED [ 40%]
tests/test_scheduler_contracts.py::TestNextDigestDeadline::test_result_always_in_future PASSED [ 41%]
tests/test_scheduler_contracts.py::TestNextDigestDeadline::test_result_at_exactly_7am_et PASSED [ 43%]
tests/test_scheduler_contracts.py::TestNextDigestDeadline::test_result_within_24_hours PASSED [ 44%]
tests/test_scheduler_contracts.py::TestRescheduleAdaptiveGapBased::test_clustered_companies_get_distinct_scores PASSED [ 45%]
tests/test_scheduler_contracts.py::TestRescheduleAdaptiveGapBased::test_company_name_in_zadd_mapping PASSED [ 47%]
tests/test_scheduler_contracts.py::TestRescheduleAdaptiveGapBased::test_random_uniform_not_called PASSED [ 48%]
tests/test_scheduler_contracts.py::TestRescheduleAdaptiveGapBased::test_score_within_tolerance_window PASSED [ 50%]
tests/test_scheduler_contracts.py::TestRescheduleAdaptiveGapBased::test_zadd_called_exactly_once PASSED [ 51%]
tests/test_scheduler_contracts.py::TestRescheduleAdaptiveGapBased::test_zadd_targets_poll_adaptive PASSED [ 52%]
tests/test_scheduler_contracts.py::TestClaimStaleWorkP95Safety::test_none_times_3_raises_type_error PASSED [ 54%]
tests/test_scheduler_contracts.py::TestClaimStaleWorkP95Safety::test_safe_guard_large_value_scales PASSED [ 55%]
tests/test_scheduler_contracts.py::TestClaimStaleWorkP95Safety::test_safe_guard_none_yields_minimum PASSED [ 56%]
tests/test_scheduler_contracts.py::TestClaimStaleWorkP95Safety::test_safe_guard_small_value_yields_minimum PASSED [ 58%]
tests/test_scheduler_contracts.py::TestClaimStaleWorkP95Safety::test_safe_guard_very_large_value PASSED [ 59%]
tests/test_scheduler_contracts.py::TestClaimStaleWorkP95Safety::test_safe_guard_zero_yields_minimum PASSED [ 61%]
tests/test_scheduler_contracts.py::TestClaimStaleWorkP95Safety::test_source_uses_unsafe_expression SKIPPED [ 62%]
tests/test_scheduler_contracts.py::TestWarmingIntervalOverride::test_stable_dormant_uses_12h PASSED [ 63%]
tests/test_scheduler_contracts.py::TestWarmingIntervalOverride::test_stable_uses_computed_interval PASSED [ 65%]
tests/test_scheduler_contracts.py::TestWarmingIntervalOverride::test_warming_1_final_warming_poll_still_2h PASSED [ 66%]
tests/test_scheduler_contracts.py::TestWarmingIntervalOverride::test_warming_3_overrides_to_2h PASSED [ 68%]
tests/test_scheduler_contracts.py::TestWarmingIntervalOverride::test_warming_interval_is_2_hours PASSED [ 69%]
tests/test_scheduler_contracts.py::TestWarmingIntervalOverride::test_warming_interval_shorter_than_min_adaptive_interval PASSED [ 70%]
tests/test_scheduler_contracts.py::TestWarmingIntervalOverride::test_warming_overrides_long_computed_interval PASSED [ 72%]
tests/test_scheduler_contracts.py::TestWarmingIntervalOverride::test_warming_overrides_short_computed_interval PASSED [ 73%]
tests/test_scheduler_contracts.py::TestWarmingIntervalOverride::test_warming_polls_count_is_3 PASSED [ 75%]
tests/test_scheduler_contracts.py::TestWorkerMissedCycleBoundary::test_all_139_companies_covered_at_cron_time PASSED [ 76%]
tests/test_scheduler_contracts.py::TestWorkerMissedCycleBoundary::test_job_monitor_source_uses_rolling_window PASSED [ 77%]
tests/test_scheduler_contracts.py::TestWorkerMissedCycleBoundary::test_never_fullscanned_company_always_missed PASSED [ 79%]
tests/test_scheduler_contracts.py::TestWorkerMissedCycleBoundary::test_new_boundary_covers_fullscan_at_4am PASSED [ 80%]
tests/test_scheduler_contracts.py::TestWorkerMissedCycleBoundary::test_new_boundary_covers_fullscan_at_6am PASSED [ 81%]
tests/test_scheduler_contracts.py::TestWorkerMissedCycleBoundary::test_new_boundary_misses_fullscan_older_than_24h PASSED [ 83%]
tests/test_scheduler_contracts.py::TestWorkerMissedCycleBoundary::test_old_boundary_misses_fullscan_at_6am PASSED [ 84%]
tests/test_scheduler_contracts.py::TestPickScheduleTimeEdgeCases::test_all_gaps_violate_deadline_fallback_to_target PASSED [ 86%]
tests/test_scheduler_contracts.py::TestPickScheduleTimeEdgeCases::test_deadline_with_zero_avg_duration_not_skipped PASSED [ 87%]
tests/test_scheduler_contracts.py::TestPickScheduleTimeEdgeCases::test_entries_outside_window_ignored PASSED [ 88%]
tests/test_scheduler_contracts.py::TestPickScheduleTimeEdgeCases::test_large_cluster_still_finds_a_result PASSED [ 90%]
tests/test_scheduler_contracts.py::TestPickScheduleTimeEdgeCases::test_result_within_tolerance_window PASSED [ 91%]
tests/test_scheduler_contracts.py::TestPickScheduleTimeEdgeCases::test_single_entry_at_window_center_splits_into_equal_halves PASSED [ 93%]
tests/test_scheduler_contracts.py::TestPickScheduleTimeEdgeCases::test_tolerance_zero_returns_target PASSED [ 94%]
tests/test_scheduler_contracts.py::TestInflightExclusionStructural::test_source_decodes_bytes_from_redis PASSED [ 95%]
tests/test_scheduler_contracts.py::TestInflightExclusionStructural::test_source_handles_redis_unavailable PASSED [ 97%]
tests/test_scheduler_contracts.py::TestInflightExclusionStructural::test_source_uses_redis_inflight_fullscan_constant PASSED [ 98%]
tests/test_scheduler_contracts.py::TestInflightExclusionStructural::test_source_uses_zrangebyscore_or_zrange_for_inflight PASSED [100%]

======================== 71 passed, 1 skipped in 0.68s ========================

============================================================
FILE: tests/test_heartbeat.py
============================================================
============================= test session starts =============================
platform win32 -- Python 3.13.5, pytest-9.0.2, pluggy-1.6.0 -- C:\Python313\python.exe
cachedir: .pytest_cache
metadata: {'Python': '3.13.5', 'Platform': 'Windows-11-10.0.26200-SP0', 'Packages': {'pytest': '9.0.2', 'pluggy': '1.6.0'}, 'Plugins': {'anyio': '4.12.1', 'html': '4.0.2', 'metadata': '3.1.1', 'ordering': '0.6', 'rerunfailures': '16.1', 'timeout': '2.4.0', 'xdist': '3.8.0', 'seleniumbase': '4.47.1'}}
rootdir: C:\Downloads\mail
plugins: anyio-4.12.1, html-4.0.2, metadata-3.1.1, ordering-0.6, rerunfailures-16.1, timeout-2.4.0, xdist-3.8.0, seleniumbase-4.47.1
collecting ... collected 18 items

tests/test_heartbeat.py::TestHeartbeatClass::test_default_interval_gives_30s_ttl PASSED [  5%]
tests/test_heartbeat.py::TestHeartbeatClass::test_fullscan_worker_key_format PASSED [ 11%]
tests/test_heartbeat.py::TestHeartbeatClass::test_fullscan_worker_ttl_is_180 PASSED [ 16%]
tests/test_heartbeat.py::TestHeartbeatClass::test_get_count_updated_between_writes PASSED [ 22%]
tests/test_heartbeat.py::TestHeartbeatClass::test_interval_s_default_is_10 PASSED [ 27%]
tests/test_heartbeat.py::TestHeartbeatClass::test_key_format_is_worker_alive_type_pid PASSED [ 33%]
tests/test_heartbeat.py::TestHeartbeatClass::test_payload_contains_pid_ts_processed PASSED [ 38%]
tests/test_heartbeat.py::TestHeartbeatClass::test_payload_is_valid_json PASSED [ 44%]
tests/test_heartbeat.py::TestHeartbeatClass::test_payload_pid_matches_os_getpid PASSED [ 50%]
tests/test_heartbeat.py::TestHeartbeatClass::test_payload_processed_from_get_count PASSED [ 55%]
tests/test_heartbeat.py::TestHeartbeatClass::test_redis_failure_is_swallowed PASSED [ 61%]
tests/test_heartbeat.py::TestHeartbeatClass::test_start_returns_self_for_chaining PASSED [ 66%]
tests/test_heartbeat.py::TestHeartbeatClass::test_start_writes_key_immediately PASSED [ 72%]
tests/test_heartbeat.py::TestHeartbeatClass::test_stop_sets_stop_event PASSED [ 77%]
tests/test_heartbeat.py::TestHeartbeatClass::test_thread_is_daemon PASSED [ 83%]
tests/test_heartbeat.py::TestHeartbeatClass::test_ttl_is_3x_interval_s PASSED [ 88%]
tests/test_heartbeat.py::TestHeartbeatClass::test_two_workers_same_type_write_different_keys PASSED [ 94%]
tests/test_heartbeat.py::TestHeartbeatClass::test_write_exception_does_not_kill_thread PASSED [100%]

============================= 18 passed in 0.12s ==============================

============================================================
FILE: tests/test_detail_worker_inflight.py
============================================================
============================= test session starts =============================
platform win32 -- Python 3.13.5, pytest-9.0.2, pluggy-1.6.0 -- C:\Python313\python.exe
cachedir: .pytest_cache
metadata: {'Python': '3.13.5', 'Platform': 'Windows-11-10.0.26200-SP0', 'Packages': {'pytest': '9.0.2', 'pluggy': '1.6.0'}, 'Plugins': {'anyio': '4.12.1', 'html': '4.0.2', 'metadata': '3.1.1', 'ordering': '0.6', 'rerunfailures': '16.1', 'timeout': '2.4.0', 'xdist': '3.8.0', 'seleniumbase': '4.47.1'}}
rootdir: C:\Downloads\mail
plugins: anyio-4.12.1, html-4.0.2, metadata-3.1.1, ordering-0.6, rerunfailures-16.1, timeout-2.4.0, xdist-3.8.0, seleniumbase-4.47.1
collecting ... collected 25 items

tests/test_detail_worker_inflight.py::TestInflightKeyConstants::test_inflight_adaptive_contains_pid PASSED [  4%]
tests/test_detail_worker_inflight.py::TestInflightKeyConstants::test_inflight_adaptive_follows_pattern PASSED [  8%]
tests/test_detail_worker_inflight.py::TestInflightKeyConstants::test_inflight_fullscan_contains_pid PASSED [ 12%]
tests/test_detail_worker_inflight.py::TestInflightKeyConstants::test_inflight_fullscan_follows_pattern PASSED [ 16%]
tests/test_detail_worker_inflight.py::TestInflightKeyConstants::test_inflight_key_map_adaptive_value_matches_constant PASSED [ 20%]
tests/test_detail_worker_inflight.py::TestInflightKeyConstants::test_inflight_key_map_contains_adaptive PASSED [ 24%]
tests/test_detail_worker_inflight.py::TestInflightKeyConstants::test_inflight_key_map_contains_fullscan PASSED [ 28%]
tests/test_detail_worker_inflight.py::TestInflightKeyConstants::test_inflight_key_map_fullscan_value_matches_constant PASSED [ 32%]
tests/test_detail_worker_inflight.py::TestInflightKeyConstants::test_two_different_pids_produce_different_keys PASSED [ 36%]
tests/test_detail_worker_inflight.py::TestRecoverStuckJobs::test_dead_peer_adaptive_item_moved_to_adaptive_source 

============================================================
FILE: tests/test_startup_validation.py
============================================================
============================= test session starts =============================
platform win32 -- Python 3.13.5, pytest-9.0.2, pluggy-1.6.0 -- C:\Python313\python.exe
cachedir: .pytest_cache
metadata: {'Python': '3.13.5', 'Platform': 'Windows-11-10.0.26200-SP0', 'Packages': {'pytest': '9.0.2', 'pluggy': '1.6.0'}, 'Plugins': {'anyio': '4.12.1', 'html': '4.0.2', 'metadata': '3.1.1', 'ordering': '0.6', 'rerunfailures': '16.1', 'timeout': '2.4.0', 'xdist': '3.8.0', 'seleniumbase': '4.47.1'}}
rootdir: C:\Downloads\mail
plugins: anyio-4.12.1, html-4.0.2, metadata-3.1.1, ordering-0.6, rerunfailures-16.1, timeout-2.4.0, xdist-3.8.0, seleniumbase-4.47.1
collecting ... collected 28 items

tests/test_startup_validation.py::TestRequiredEnvKeys::test_contains_database_url PASSED [  3%]
tests/test_startup_validation.py::TestRequiredEnvKeys::test_contains_redis_url PASSED [  7%]
tests/test_startup_validation.py::TestRequiredEnvKeys::test_exactly_two_gmail_keys PASSED [ 10%]
tests/test_startup_validation.py::TestRequiredEnvKeys::test_exactly_two_universal_keys PASSED [ 14%]
tests/test_startup_validation.py::TestRequiredEnvKeys::test_gmail_app_password_in_gmail_keys PASSED [ 17%]
tests/test_startup_validation.py::TestRequiredEnvKeys::test_gmail_email_in_gmail_keys PASSED [ 21%]
tests/test_startup_validation.py::TestValidateStartup::test_all_checks_pass_no_exit PASSED [ 25%]
tests/test_startup_validation.py::TestValidateStartup::test_all_false_passes_immediately PASSED [ 28%]
tests/test_startup_validation.py::TestValidateStartup::test_check_config_false_skips_env_check PASSED [ 32%]
tests/test_startup_validation.py::TestValidateStartup::test_check_db_false_skips_db PASSED [ 35%]
tests/test_startup_validation.py::TestValidateStartup::test_check_redis_false_skips_redis PASSED [ 39%]
tests/test_startup_validation.py::TestValidateStartup::test_db_execute_exception_exits_1 PASSED [ 42%]
tests/test_startup_validation.py::TestValidateStartup::test_db_failure_error_to_stderr PASSED [ 46%]
tests/test_startup_validation.py::TestValidateStartup::test_db_get_conn_exception_exits_1 PASSED [ 50%]
tests/test_startup_validation.py::TestValidateStartup::test_missing_database_url_exits_1 PASSED [ 53%]
tests/test_startup_validation.py::TestValidateStartup::test_missing_env_var_error_to_stderr PASSED [ 57%]
tests/test_startup_validation.py::TestValidateStartup::test_missing_env_var_includes_startup_failed PASSED [ 60%]
tests/test_startup_validation.py::TestValidateStartup::test_missing_gmail_app_password_exits_1 PASSED [ 64%]
tests/test_startup_validation.py::TestValidateStartup::test_missing_gmail_email_exits_1 PASSED [ 67%]
tests/test_startup_validation.py::TestValidateStartup::test_missing_gmail_email_no_exit_when_check_gmail_false PASSED [ 71%]
tests/test_startup_validation.py::TestValidateStartup::test_missing_key_name_in_error_message PASSED [ 75%]
tests/test_startup_validation.py::TestValidateStartup::test_missing_single_env_var_exits_1 PASSED [ 78%]
tests/test_startup_validation.py::TestValidateStartup::test_multiple_missing_vars_all_listed PASSED [ 82%]
tests/test_startup_validation.py::TestValidateStartup::test_redis_failure_error_to_stderr PASSED [ 85%]
tests/test_startup_validation.py::TestValidateStartup::test_redis_ping_exception_exits_1 PASSED [ 89%]
tests/test_startup_validation.py::TestValidateStartup::test_redis_ping_false_exits_1 PASSED [ 92%]
tests/test_startup_validation.py::TestValidateStartup::test_whitespace_only_env_var_treated_as_missing PASSED [ 96%]
tests/test_startup_validation.py::TestValidateStartup::test_worker_name_in_error_message PASSED [100%]

============================= 28 passed in 0.95s ==============================

============================================================
FILE: tests/test_monitor_report_phase1.py
============================================================
============================= test session starts =============================
platform win32 -- Python 3.13.5, pytest-9.0.2, pluggy-1.6.0 -- C:\Python313\python.exe
cachedir: .pytest_cache
metadata: {'Python': '3.13.5', 'Platform': 'Windows-11-10.0.26200-SP0', 'Packages': {'pytest': '9.0.2', 'pluggy': '1.6.0'}, 'Plugins': {'anyio': '4.12.1', 'html': '4.0.2', 'metadata': '3.1.1', 'ordering': '0.6', 'rerunfailures': '16.1', 'timeout': '2.4.0', 'xdist': '3.8.0', 'seleniumbase': '4.47.1'}}
rootdir: C:\Downloads\mail
plugins: anyio-4.12.1, html-4.0.2, metadata-3.1.1, ordering-0.6, rerunfailures-16.1, timeout-2.4.0, xdist-3.8.0, seleniumbase-4.47.1
collecting ... collected 27 items

tests/test_monitor_report_phase1.py::TestCoverageMetricFix::test_both_sources_summed PASSED [  3%]
tests/test_monitor_report_phase1.py::TestCoverageMetricFix::test_coverage_70_pct_is_ok PASSED [  7%]
tests/test_monitor_report_phase1.py::TestCoverageMetricFix::test_coverage_below_70_pct_is_warning PASSED [ 11%]
tests/test_monitor_report_phase1.py::TestCoverageMetricFix::test_coverage_pct_rounds_down PASSED [ 14%]
tests/test_monitor_report_phase1.py::TestCoverageMetricFix::test_coverage_val_includes_by_workers_breakdown PASSED [ 18%]
tests/test_monitor_report_phase1.py::TestCoverageMetricFix::test_coverage_val_includes_fraction PASSED [ 22%]
tests/test_monitor_report_phase1.py::TestCoverageMetricFix::test_coverage_val_includes_percentage PASSED [ 25%]
tests/test_monitor_report_phase1.py::TestCoverageMetricFix::test_covered_by_workers_contributes_to_total PASSED [ 29%]
tests/test_monitor_report_phase1.py::TestCoverageMetricFix::test_fallback_only_counted_correctly PASSED [ 33%]
tests/test_monitor_report_phase1.py::TestCoverageMetricFix::test_hundred_percent_coverage PASSED [ 37%]
tests/test_monitor_report_phase1.py::TestCoverageMetricFix::test_no_fallback_excludes_job_monitor_text PASSED [ 40%]
tests/test_monitor_report_phase1.py::TestCoverageMetricFix::test_old_bug_regression_workers_only PASSED [ 44%]
tests/test_monitor_report_phase1.py::TestCoverageMetricFix::test_with_fallback_includes_job_monitor_text PASSED [ 48%]
tests/test_monitor_report_phase1.py::TestCoverageMetricFix::test_zero_total_no_crash PASSED [ 51%]
tests/test_monitor_report_phase1.py::TestQueueHealthSection::test_detail_above_100_not_500_contains_warning_marker PASSED [ 55%]
tests/test_monitor_report_phase1.py::TestQueueHealthSection::test_detail_above_500_contains_error_marker PASSED [ 59%]
tests/test_monitor_report_phase1.py::TestQueueHealthSection::test_detail_at_100_no_backlog_warning PASSED [ 62%]
tests/test_monitor_report_phase1.py::TestQueueHealthSection::test_detail_zero_ok_no_backlog_text PASSED [ 66%]
tests/test_monitor_report_phase1.py::TestQueueHealthSection::test_poll_adaptive_empty_contains_error_marker PASSED [ 70%]
tests/test_monitor_report_phase1.py::TestQueueHealthSection::test_poll_adaptive_overdue_gt_10_contains_warning PASSED [ 74%]
tests/test_monitor_report_phase1.py::TestQueueHealthSection::test_poll_adaptive_present_no_error PASSED [ 77%]
tests/test_monitor_report_phase1.py::TestQueueHealthSection::test_poll_fullscan_empty_contains_warning PASSED [ 81%]
tests/test_monitor_report_phase1.py::TestQueueHealthSection::test_poll_fullscan_present_no_empty_warning PASSED [ 85%]
tests/test_monitor_report_phase1.py::TestQueueHealthSection::test_redis_exception_returns_empty_string PASSED [ 88%]
tests/test_monitor_report_phase1.py::TestQueueHealthSection::test_redis_llen_exception_returns_empty_string PASSED [ 92%]
tests/test_monitor_report_phase1.py::TestQueueHealthSection::test_returns_string PASSED [ 96%]
tests/test_monitor_report_phase1.py::TestQueueHealthSection::test_returns_string_when_issues_present PASSED [100%]

============================= 27 passed in 0.41s ==============================

============================================================
FILE: tests/test_job_monitor.py
============================================================
============================= test session starts =============================
platform win32 -- Python 3.13.5, pytest-9.0.2, pluggy-1.6.0 -- C:\Python313\python.exe
cachedir: .pytest_cache
metadata: {'Python': '3.13.5', 'Platform': 'Windows-11-10.0.26200-SP0', 'Packages': {'pytest': '9.0.2', 'pluggy': '1.6.0'}, 'Plugins': {'anyio': '4.12.1', 'html': '4.0.2', 'metadata': '3.1.1', 'ordering': '0.6', 'rerunfailures': '16.1', 'timeout': '2.4.0', 'xdist': '3.8.0', 'seleniumbase': '4.47.1'}}
rootdir: C:\Downloads\mail
plugins: anyio-4.12.1, html-4.0.2, metadata-3.1.1, ordering-0.6, rerunfailures-16.1, timeout-2.4.0, xdist-3.8.0, seleniumbase-4.47.1
collecting ... collected 360 items

tests/test_job_monitor.py::TestSlugify::test_all_lowercase PASSED        [  0%]
tests/test_job_monitor.py::TestSlugify::test_basic_single_word PASSED    [  0%]
tests/test_job_monitor.py::TestSlugify::test_deduplicates_variants PASSED [  0%]
tests/test_job_monitor.py::TestSlugify::test_first_word_variant PASSED   [  1%]
tests/test_job_monitor.py::TestSlugify::test_multi_word_hyphens PASSED   [  1%]
tests/test_job_monitor.py::TestSlugify::test_multi_word_no_spaces PASSED [  1%]
tests/test_job_monitor.py::TestSlugify::test_no_empty_variants PASSED    [  1%]
tests/test_job_monitor.py::TestSlugify::test_removes_corp_suffix PASSED  [  2%]
tests/test_job_monitor.py::TestSlugify::test_removes_inc_suffix PASSED   [  2%]
tests/test_job_monitor.py::TestSlugify::test_removes_llc_suffix PASSED   [  2%]
tests/test_job_monitor.py::TestSlugify::test_removes_ltd_suffix PASSED   [  3%]
tests/test_job_monitor.py::TestSlugify::test_removes_technologies_suffix PASSED [  3%]
tests/test_job_monitor.py::TestSlugify::test_returns_list PASSED         [  3%]
tests/test_job_monitor.py::TestSlugify::test_short_company_name PASSED   [  3%]
tests/test_job_monitor.py::TestSlugify::test_special_chars_removed PASSED [  4%]
tests/test_job_monitor.py::TestSlugify::test_whitespace_trimmed PASSED   [  4%]
tests/test_job_monitor.py::TestFetchJson::test_retries_on_timeout PASSED [  4%]
tests/test_job_monitor.py::TestFetchJson::test_returns_json_on_200 PASSED [  5%]
tests/test_job_monitor.py::TestFetchJson::test_returns_none_on_404 PASSED [  5%]
tests/test_job_monitor.py::TestFetchJson::test_returns_none_on_429_after_retries PASSED [  5%]
tests/test_job_monitor.py::TestFetchJson::test_returns_none_on_500 PASSED [  5%]
tests/test_job_monitor.py::TestFetchJson::test_returns_none_on_connection_error PASSED [  6%]
tests/test_job_monitor.py::TestFetchJson::test_returns_none_on_invalid_json PASSED [  6%]
tests/test_job_monitor.py::TestFetchJson::test_returns_none_on_timeout PASSED [  6%]
tests/test_job_monitor.py::TestFetchJson::test_timeout_param_set PASSED  [  6%]
tests/test_job_monitor.py::TestFetchJson::test_user_agent_sent PASSED    [  7%]
tests/test_job_monitor.py::TestValidateCompanyMatch::test_case_insensitive PASSED [  7%]
tests/test_job_monitor.py::TestValidateCompanyMatch::test_empty_response_returns_true PASSED [  7%]
tests/test_job_monitor.py::TestValidateCompanyMatch::test_matching_returns_true PASSED [  8%]
tests/test_job_monitor.py::TestValidateCompanyMatch::test_none_company_returns_true PASSED [  8%]
tests/test_job_monitor.py::TestValidateCompanyMatch::test_none_response_returns_true PASSED [  8%]
tests/test_job_monitor.py::TestValidateCompanyMatch::test_short_name_returns_true PASSED [  8%]
tests/test_job_monitor.py::TestValidateCompanyMatch::test_wrong_company_returns_false PASSED [  9%]
tests/test_job_monitor.py::TestValidateCompanyMatch::test_wrong_company_subdomain_no_match PASSED [  9%]
tests/test_job_monitor.py::TestGreenhouseClient::test_detect_empty_jobs_still_detects PASSED [  9%]
tests/test_job_monitor.py::TestGreenhouseClient::test_detect_returns_none_on_all_fail PASSED [ 10%]
tests/test_job_monitor.py::TestGreenhouseClient::test_detect_success PASSED [ 10%]
tests/test_job_monitor.py::TestGreenhouseClient::test_fetch_normalizes_correctly PASSED [ 10%]
tests/test_job_monitor.py::TestGreenhouseClient::test_handles_missing_location PASSED [ 10%]
tests/test_job_monitor.py::TestGreenhouseClient::test_handles_pagination PASSED [ 11%]
tests/test_job_monitor.py::TestGreenhouseClient::test_malformed_response_returns_empty PASSED [ 11%]
tests/test_job_monitor.py::TestGreenhouseClient::test_posted_at_always_none PASSED [ 11%]
tests/test_job_monitor.py::TestGreenhouseClient::test_returns_empty_on_api_failure PASSED [ 11%]
tests/test_job_monitor.py::TestGreenhouseClient::test_skips_empty_title PASSED [ 12%]
tests/test_job_monitor.py::TestLeverClient::test_detect_empty_list_valid PASSED [ 12%]
tests/test_job_monitor.py::TestLeverClient::test_detect_rejects_dict_response PASSED [ 12%]
tests/test_job_monitor.py::TestLeverClient::test_detect_success PASSED   [ 13%]
tests/test_job_monitor.py::TestLeverClient::test_handles_dict_response PASSED [ 13%]
tests/test_job_monitor.py::TestLeverClient::test_handles_invalid_created_at PASSED [ 13%]
tests/test_job_monitor.py::TestLeverClient::test_handles_missing_created_at PASSED [ 13%]
tests/test_job_monitor.py::TestLeverClient::test_handles_none_categories PASSED [ 14%]
tests/test_job_monitor.py::TestLeverClient::test_parses_created_at PASSED [ 14%]
tests/test_job_monitor.py::TestLeverClient::test_returns_correct_ats_field PASSED [ 14%]
tests/test_job_monitor.py::TestLeverClient::test_returns_empty_on_failure PASSED [ 15%]
tests/test_job_monitor.py::TestLeverClient::test_skips_empty_text PASSED [ 15%]
tests/test_job_monitor.py::TestAshbyClient::test_detect_success PASSED   [ 15%]
tests/test_job_monitor.py::TestAshbyClient::test_handles_invalid_published_at PASSED [ 15%]
tests/test_job_monitor.py::TestAshbyClient::test_handles_missing_jobs_key PASSED [ 16%]
tests/test_job_monitor.py::TestAshbyClient::test_handles_missing_location PASSED [ 16%]
tests/test_job_monitor.py::TestAshbyClient::test_handles_none_html_description PASSED [ 16%]
tests/test_job_monitor.py::TestAshbyClient::test_parses_published_at PASSED [ 16%]
tests/test_job_monitor.py::TestAshbyClient::test_returns_empty_on_failure PASSED [ 17%]
tests/test_job_monitor.py::TestAshbyClient::test_skips_empty_title PASSED [ 17%]
tests/test_job_monitor.py::TestAshbyClient::test_strips_html_from_description PASSED [ 17%]
tests/test_job_monitor.py::TestWorkdayClient::test_description_empty_from_listing PASSED [ 18%]
tests/test_job_monitor.py::TestWorkdayClient::test_detect_none_on_all_fail PASSED [ 18%]
tests/test_job_monitor.py::TestWorkdayClient::test_detect_rejects_non_list_postings PASSED [ 18%]
tests/test_job_monitor.py::TestWorkdayClient::test_detect_returns_slug_info PASSED [ 18%]
tests/test_job_monitor.py::TestWorkdayClient::test_handles_invalid_date PASSED [ 19%]
tests/test_job_monitor.py::TestWorkdayClient::test_handles_missing_external_url PASSED [ 19%]
tests/test_job_monitor.py::TestWorkdayClient::test_handles_missing_posted_on PASSED [ 19%]
tests/test_job_monitor.py::TestWorkdayClient::test_handles_pagination PASSED [ 20%]
tests/test_job_monitor.py::TestWorkdayClient::test_parses_iso_date PASSED [ 20%]
tests/test_job_monitor.py::TestWorkdayClient::test_parses_mm_dd_yyyy PASSED [ 20%]
tests/test_job_monitor.py::TestWorkdayClient::test_returns_empty_on_failure PASSED [ 20%]
tests/test_job_monitor.py::TestWorkdayClient::test_skips_empty_title PASSED [ 21%]
tests/test_job_monitor.py::TestJobTitleFilter::test_accented_chars_handled PASSED [ 21%]
tests/test_job_monitor.py::TestJobTitleFilter::test_backend_engineer PASSED [ 21%]
tests/test_job_monitor.py::TestJobTitleFilter::test_case_insensitive PASSED [ 21%]
tests/test_job_monitor.py::TestJobTitleFilter::test_empty_no_match PASSED [ 22%]
tests/test_job_monitor.py::TestJobTitleFilter::test_finance_no_match PASSED [ 22%]
tests/test_job_monitor.py::TestJobTitleFilter::test_frontend_engineer PASSED [ 22%]
tests/test_job_monitor.py::TestJobTitleFilter::test_full_stack_developer PASSED [ 23%]
tests/test_job_monitor.py::TestJobTitleFilter::test_full_stack_engineer PASSED [ 23%]
tests/test_job_monitor.py::TestJobTitleFilter::test_hr_manager_no_match PASSED [ 23%]
tests/test_job_monitor.py::TestJobTitleFilter::test_marketing_no_match PASSED [ 23%]
tests/test_job_monitor.py::TestJobTitleFilter::test_member_of_technical_staff PASSED [ 24%]
tests/test_job_monitor.py::TestJobTitleFilter::test_none_no_match PASSED [ 24%]
tests/test_job_monitor.py::TestJobTitleFilter::test_partial_match_in_longer_title PASSED [ 24%]
tests/test_job_monitor.py::TestJobTitleFilter::test_platform_engineer PASSED [ 25%]
tests/test_job_monitor.py::TestJobTitleFilter::test_recruiter_no_match PASSED [ 25%]
tests/test_job_monitor.py::TestJobTitleFilter::test_software_developer PASSED [ 25%]
tests/test_job_monitor.py::TestJobTitleFilter::test_software_development_engineer PASSED [ 25%]
tests/test_job_monitor.py::TestJobTitleFilter::test_software_engineer PASSED [ 26%]
tests/test_job_monitor.py::TestJobTitleFilter::test_swe PASSED           [ 26%]
tests/test_job_monitor.py::TestJobTitleFilter::test_web_developer PASSED [ 26%]
tests/test_job_monitor.py::TestJobTitleFilter::test_whitespace_only_no_match PASSED [ 26%]
tests/test_job_monitor.py::TestUSALocationFilter::test_australia_excluded PASSED [ 27%]
tests/test_job_monitor.py::TestUSALocationFilter::test_canada_excluded PASSED [ 27%]
tests/test_job_monitor.py::TestUSALocationFilter::test_case_insensitive_exclude PASSED [ 27%]
tests/test_job_monitor.py::TestUSALocationFilter::test_empty_included PASSED [ 28%]
tests/test_job_monitor.py::TestUSALocationFilter::test_germany_excluded PASSED [ 28%]
tests/test_job_monitor.py::TestUSALocationFilter::test_hybrid_included PASSED [ 28%]
tests/test_job_monitor.py::TestUSALocationFilter::test_india_excluded PASSED [ 28%]
tests/test_job_monitor.py::TestUSALocationFilter::test_ireland_excluded PASSED [ 29%]
tests/test_job_monitor.py::TestUSALocationFilter::test_netherlands_excluded PASSED [ 29%]
tests/test_job_monitor.py::TestUSALocationFilter::test_new_york PASSED   [ 29%]
tests/test_job_monitor.py::TestUSALocationFilter::test_none_included PASSED [ 30%]
tests/test_job_monitor.py::TestUSALocationFilter::test_remote PASSED     [ 30%]
tests/test_job_monitor.py::TestUSALocationFilter::test_remote_uk_excluded PASSED [ 30%]
tests/test_job_monitor.py::TestUSALocationFilter::test_remote_usa PASSED [ 30%]
tests/test_job_monitor.py::TestUSALocationFilter::test_san_francisco PASSED [ 31%]
tests/test_job_monitor.py::TestUSALocationFilter::test_singapore_excluded PASSED [ 31%]
tests/test_job_monitor.py::TestUSALocationFilter::test_state_abbreviation PASSED [ 31%]
tests/test_job_monitor.py::TestUSALocationFilter::test_uk_excluded PASSED [ 31%]
tests/test_job_monitor.py::TestUSALocationFilter::test_united_states PASSED [ 32%]
tests/test_job_monitor.py::TestUSALocationFilter::test_us_dot PASSED     [ 32%]
tests/test_job_monitor.py::TestUSALocationFilter::test_usa PASSED        [ 32%]
tests/test_job_monitor.py::TestJobScoring::test_base_score_ten PASSED    [ 33%]
tests/test_job_monitor.py::TestJobScoring::test_combined_score PASSED    [ 33%]
tests/test_job_monitor.py::TestJobScoring::test_freshness_2_days PASSED  [ 33%]
tests/test_job_monitor.py::TestJobScoring::test_freshness_old_no_bonus PASSED [ 33%]
tests/test_job_monitor.py::TestJobScoring::test_freshness_today PASSED   [ 34%]
tests/test_job_monitor.py::TestJobScoring::test_freshness_yesterday PASSED [ 34%]
tests/test_job_monitor.py::TestJobScoring::test_invalid_date_no_crash PASSED [ 34%]
tests/test_job_monitor.py::TestJobScoring::test_lead_adds_five PASSED    [ 35%]
tests/test_job_monitor.py::TestJobScoring::test_multiple_skills_stacked PASSED [ 35%]
tests/test_job_monitor.py::TestJobScoring::test_none_date_no_crash PASSED [ 35%]
tests/test_job_monitor.py::TestJobScoring::test_principal_adds_five PASSED [ 35%]
tests/test_job_monitor.py::TestJobScoring::test_python_skill_adds_two PASSED [ 36%]
tests/test_job_monitor.py::TestJobScoring::test_senior_adds_five PASSED  [ 36%]
tests/test_job_monitor.py::TestJobScoring::test_staff_adds_five PASSED   [ 36%]
tests/test_job_monitor.py::TestContentHash::test_case_insensitive PASSED [ 36%]
tests/test_job_monitor.py::TestContentHash::test_different_company_different_hash PASSED [ 37%]
tests/test_job_monitor.py::TestContentHash::test_different_title_different_hash PASSED [ 37%]
tests/test_job_monitor.py::TestContentHash::test_empty_title_returns_none PASSED [ 37%]
tests/test_job_monitor.py::TestContentHash::test_extra_whitespace_normalized PASSED [ 38%]
tests/test_job_monitor.py::TestContentHash::test_none_company_returns_none PASSED [ 38%]
tests/test_job_monitor.py::TestContentHash::test_none_location_no_crash PASSED [ 38%]
tests/test_job_monitor.py::TestContentHash::test_none_title_returns_none PASSED [ 38%]
tests/test_job_monitor.py::TestContentHash::test_returns_64_char_string PASSED [ 39%]
tests/test_job_monitor.py::TestContentHash::test_same_input_same_hash PASSED [ 39%]
tests/test_job_monitor.py::TestFilterJobs::test_augments_content_hash PASSED [ 39%]
tests/test_job_monitor.py::TestFilterJobs::test_augments_skill_score PASSED [ 40%]
tests/test_job_monitor.py::TestFilterJobs::test_empty_input PASSED       [ 40%]
tests/test_job_monitor.py::TestFilterJobs::test_empty_title_excluded PASSED [ 40%]
tests/test_job_monitor.py::TestFilterJobs::test_matching_job_included PASSED [ 40%]
tests/test_job_monitor.py::TestFilterJobs::test_mixed_batch PASSED       [ 41%]
tests/test_job_monitor.py::TestFilterJobs::test_non_matching_title_excluded PASSED [ 41%]
tests/test_job_monitor.py::TestFilterJobs::test_non_us_excluded PASSED   [ 41%]
tests/test_job_monitor.py::TestFilterJobs::test_none_title_excluded PASSED [ 41%]
tests/test_job_monitor.py::TestFilterJobsTitleOnly::test_augments_skill_score_and_hash PASSED [ 42%]
tests/test_job_monitor.py::TestFilterJobsTitleOnly::test_empty_input PASSED [ 42%]
tests/test_job_monitor.py::TestFilterJobsTitleOnly::test_non_us_location_passes PASSED [ 42%]
tests/test_job_monitor.py::TestFilterJobsTitleOnly::test_title_filter_still_applied PASSED [ 43%]
tests/test_job_monitor.py::TestFilterJobsTitleOnly::test_vague_location_passes 
tests/test_job_monitor.py::TestFilterJobsTitleOnly::test_vague_location_passes PASSED [ 43%]
tests/test_job_monitor.py::TestFreshnessDetection::test_ashby_fresh PASSED [ 43%]
tests/test_job_monitor.py::TestFreshnessDetection::test_ashby_stale PASSED [ 43%]
tests/test_job_monitor.py::TestFreshnessDetection::test_greenhouse_respects_freshness_window PASSED [ 44%]
tests/test_job_monitor.py::TestFreshnessDetection::test_invalid_string_date_fresh PASSED [ 44%]
tests/test_job_monitor.py::TestFreshnessDetection::test_lever_at_threshold_is_fresh PASSED [ 44%]
tests/test_job_monitor.py::TestFreshnessDetection::test_lever_fresh_within_window PASSED [ 45%]
tests/test_job_monitor.py::TestFreshnessDetection::test_lever_stale_beyond_window PASSED [ 45%]
tests/test_job_monitor.py::TestFreshnessDetection::test_naive_datetime_no_crash PASSED [ 45%]
tests/test_job_monitor.py::TestFreshnessDetection::test_none_posted_at_always_fresh PASSED [ 45%]
tests/test_job_monitor.py::TestFreshnessDetection::test_string_iso_date_parsed PASSED [ 46%]
tests/test_job_monitor.py::TestFreshnessDetection::test_workday_fresh PASSED [ 46%]
tests/test_job_monitor.py::TestFreshnessDetection::test_workday_stale PASSED [ 46%]
tests/test_job_monitor.py::TestJobMonitorDB::test_digest_sorted_company_asc PASSED [ 46%]
tests/test_job_monitor.py::TestJobMonitorDB::test_digest_sorted_score_desc_within_company PASSED [ 47%]
tests/test_job_monitor.py::TestJobMonitorDB::test_empty_hash_always_false PASSED [ 47%]
tests/test_job_monitor.py::TestJobMonitorDB::test_expired_not_in_digest PASSED [ 47%]
tests/test_job_monitor.py::TestJobMonitorDB::test_get_monitor_stats_empty_initially PASSED [ 48%]
tests/test_job_monitor.py::TestJobMonitorDB::test_hash_exists_after_insert PASSED [ 48%]
tests/test_job_monitor.py::TestJobMonitorDB::test_hash_not_exists_initially PASSED [ 48%]
tests/test_job_monitor.py::TestJobMonitorDB::test_mark_first_scan_complete PASSED [ 48%]
tests/test_job_monitor.py::TestJobMonitorDB::test_new_status_in_digest PASSED [ 49%]
tests/test_job_monitor.py::TestJobMonitorDB::test_none_hash_always_false PASSED [ 49%]
tests/test_job_monitor.py::TestJobMonitorDB::test_pre_existing_not_in_digest PASSED [ 49%]
tests/test_job_monitor.py::TestJobMonitorDB::test_save_monitor_stats PASSED [ 50%]
tests/test_job_monitor.py::TestJobMonitorDB::test_save_monitor_stats_replace_same_day PASSED [ 50%]
tests/test_job_monitor.py::TestJobMonitorDB::test_save_returns_false_on_duplicate_url PASSED [ 50%]
tests/test_job_monitor.py::TestJobMonitorDB::test_save_returns_true_on_insert PASSED [ 50%]
tests/test_job_monitor.py::TestJobMonitorDB::test_save_with_datetime_posted_at PASSED [ 51%]
tests/test_job_monitor.py::TestJobMonitorDB::test_save_with_none_hash PASSED [ 51%]
tests/test_job_monitor.py::TestJobMonitorDB::test_update_company_check_increments_empty_days PASSED [ 51%]
tests/test_job_monitor.py::TestJobMonitorDB::test_update_company_check_resets_empty_days PASSED [ 51%]
tests/test_job_monitor.py::TestJobMonitorDB::test_url_exists_after_insert PASSED [ 52%]
tests/test_job_monitor.py::TestJobMonitorDB::test_url_exists_for_expired PASSED [ 52%]
tests/test_job_monitor.py::TestJobMonitorDB::test_url_exists_for_pre_existing PASSED [ 52%]
tests/test_job_monitor.py::TestJobMonitorDB::test_url_not_exists_initially PASSED [ 53%]
tests/test_job_monitor.py::TestDBDataIntegrity::test_duplicate_url_ignored_not_error PASSED [ 53%]
tests/test_job_monitor.py::TestDBDataIntegrity::test_first_seen_always_populated PASSED [ 53%]
tests/test_job_monitor.py::TestDBDataIntegrity::test_status_stored_correctly PASSED [ 53%]
tests/test_job_monitor.py::TestATSDetectionLogic::test_14_empty_days_needs_redetection PASSED [ 54%]
tests/test_job_monitor.py::TestATSDetectionLogic::test_custom_platform_triggers_redetection PASSED [ 54%]
tests/test_job_monitor.py::TestATSDetectionLogic::test_empty_returns_none PASSED [ 54%]
tests/test_job_monitor.py::TestATSDetectionLogic::test_empty_slug_needs_redetection PASSED [ 55%]
tests/test_job_monitor.py::TestATSDetectionLogic::test_fresh_company_no_redetection PASSED [ 55%]
tests/test_job_monitor.py::TestATSDetectionLogic::test_get_ashby_module PASSED [ 55%]
tests/test_job_monitor.py::TestATSDetectionLogic::test_get_greenhouse_module PASSED [ 55%]
tests/test_job_monitor.py::TestATSDetectionLogic::test_get_lever_module PASSED [ 56%]
tests/test_job_monitor.py::TestATSDetectionLogic::test_get_smartrecruiters_module PASSED [ 56%]
tests/test_job_monitor.py::TestATSDetectionLogic::test_get_workday_module PASSED [ 56%]
tests/test_job_monitor.py::TestATSDetectionLogic::test_missing_detected_at_needs_redetection PASSED [ 56%]
tests/test_job_monitor.py::TestATSDetectionLogic::test_none_platform_needs_redetection PASSED [ 57%]
tests/test_job_monitor.py::TestATSDetectionLogic::test_none_returns_none PASSED [ 57%]
tests/test_job_monitor.py::TestATSDetectionLogic::test_null_detected_at_needs_redetection PASSED [ 57%]
tests/test_job_monitor.py::TestATSDetectionLogic::test_null_slug_needs_redetection PASSED [ 58%]
tests/test_job_monitor.py::TestATSDetectionLogic::test_over_threshold_needs_redetection PASSED [ 58%]
tests/test_job_monitor.py::TestATSDetectionLogic::test_under_threshold_no_redetection PASSED [ 58%]
tests/test_job_monitor.py::TestATSDetectionLogic::test_unknown_platform_needs_redetection PASSED [ 58%]
tests/test_job_monitor.py::TestATSDetectionLogic::test_unknown_platform_returns_none PASSED [ 59%]
tests/test_job_monitor.py::TestATSDetectionLogic::test_unknown_platform_triggers_redetection PASSED [ 59%]
tests/test_job_monitor.py::TestATSDetectionLogic::test_unsupported_platform_no_redetection PASSED [ 59%]
tests/test_job_monitor.py::TestATSDetectionLogic::test_with_detected_at_no_redetection PASSED [ 60%]
tests/test_job_monitor.py::TestATSSwitchingAndReset::test_ats_detection_updates_platform_and_slug PASSED [ 60%]
tests/test_job_monitor.py::TestATSSwitchingAndReset::test_ats_switch_ashby_to_lever PASSED [ 60%]
tests/test_job_monitor.py::TestATSSwitchingAndReset::test_hiring_freeze_no_infinite_redetection PASSED [ 60%]
tests/test_job_monitor.py::TestATSSwitchingAndReset::test_multiple_companies_independent_empty_day_counters PASSED [ 61%]
tests/test_job_monitor.py::TestATSSwitchingAndReset::test_redetection_not_needed_after_reset PASSED [ 61%]
tests/test_job_monitor.py::TestATSSwitchingAndReset::test_store_detection_resets_empty_days PASSED [ 61%]
tests/test_job_monitor.py::TestATSSwitchingAndReset::test_unknown_detection_does_not_reset_empty_days PASSED [ 61%]
tests/test_job_monitor.py::TestFirstScanHandling::test_first_scan_saved_as_pre_existing PASSED [ 62%]
tests/test_job_monitor.py::TestFirstScanHandling::test_first_scan_timestamp_set PASSED [ 62%]
tests/test_job_monitor.py::TestFirstScanHandling::test_many_first_scan_jobs_not_in_digest PASSED [ 62%]
tests/test_job_monitor.py::TestFirstScanHandling::test_pre_existing_url_blocks_future_new_insert PASSED [ 63%]
tests/test_job_monitor.py::TestFirstScanHandling::test_second_scan_new_jobs_shown PASSED [ 63%]
tests/test_job_monitor.py::TestContentHashDeduplication::test_different_companies_different_hashes PASSED [ 63%]
tests/test_job_monitor.py::TestContentHashDeduplication::test_different_titles_different_hashes PASSED [ 63%]
tests/test_job_monitor.py::TestContentHashDeduplication::test_hash_blocks_same_job_different_url PASSED [ 64%]
tests/test_job_monitor.py::TestPartialRunRecovery::test_already_saved_jobs_not_duplicated_on_restart PASSED [ 64%]
tests/test_job_monitor.py::TestPartialRunRecovery::test_api_failure_does_not_affect_other_companies PASSED [ 64%]
tests/test_job_monitor.py::TestPartialRunRecovery::test_processed_company_has_last_checked_at PASSED [ 65%]
tests/test_job_monitor.py::TestMetricCalculations::test_api_failure_alert PASSED [ 65%]
tests/test_job_monitor.py::TestMetricCalculations::test_api_failure_includes_company_names PASSED [ 65%]
tests/test_job_monitor.py::TestMetricCalculations::test_coverage_alert_below_70_pct PASSED [ 65%]
tests/test_job_monitor.py::TestMetricCalculations::test_match_rate_high_alert PASSED [ 66%]
tests/test_job_monitor.py::TestMetricCalculations::test_match_rate_low_alert PASSED [ 66%]
tests/test_job_monitor.py::TestMetricCalculations::test_multiple_alerts_simultaneously PASSED [ 66%]
tests/test_job_monitor.py::TestMetricCalculations::test_no_alerts_when_healthy PASSED [ 66%]
tests/test_job_monitor.py::TestMetricCalculations::test_no_coverage_alert_above_70_pct PASSED [ 67%]
tests/test_job_monitor.py::TestMetricCalculations::test_no_division_by_zero_zero_companies PASSED [ 67%]
tests/test_job_monitor.py::TestMetricCalculations::test_no_division_by_zero_zero_jobs PASSED [ 67%]
tests/test_job_monitor.py::TestMetricCalculations::test_unknown_ats_alert_above_20_pct PASSED [ 68%]
tests/test_job_monitor.py::TestNormalization::test_collapses_extra_spaces PASSED [ 68%]
tests/test_job_monitor.py::TestNormalization::test_empty_returns_empty PASSED [ 68%]
tests/test_job_monitor.py::TestNormalization::test_lowercase PASSED      [ 68%]
tests/test_job_monitor.py::TestNormalization::test_none_returns_empty PASSED [ 69%]
tests/test_job_monitor.py::TestNormalization::test_strips_accents PASSED [ 69%]
tests/test_job_monitor.py::TestNormalization::test_strips_whitespace PASSED [ 69%]
tests/test_job_monitor.py::TestGetKeywords::test_empty_after_filter_falls_back PASSED [ 70%]
tests/test_job_monitor.py::TestGetKeywords::test_filters_america PASSED  [ 70%]
tests/test_job_monitor.py::TestGetKeywords::test_filters_stop_words PASSED [ 70%]
tests/test_job_monitor.py::TestGetKeywords::test_jpmorgan PASSED         [ 70%]
tests/test_job_monitor.py::TestGetKeywords::test_palo_alto PASSED        [ 71%]
tests/test_job_monitor.py::TestGetKeywords::test_returns_list PASSED     [ 71%]
tests/test_job_monitor.py::TestGetKeywords::test_simple_company PASSED   [ 71%]
tests/test_job_monitor.py::TestGetKeywords::test_special_chars_removed PASSED [ 71%]
tests/test_job_monitor.py::TestGetKeywords::test_two_word_company PASSED [ 72%]
tests/test_job_monitor.py::TestScoreResponse::test_empty_jobs_neutral_confidence PASSED [ 72%]
tests/test_job_monitor.py::TestScoreResponse::test_final_score_formula PASSED [ 72%]
tests/test_job_monitor.py::TestScoreResponse::test_job_count_stored PASSED [ 73%]
tests/test_job_monitor.py::TestScoreResponse::test_multi_keyword_all_must_match PASSED [ 73%]
tests/test_job_monitor.py::TestScoreResponse::test_multi_keyword_partial_fail PASSED [ 73%]
tests/test_job_monitor.py::TestScoreResponse::test_no_match_zero_confidence PASSED [ 73%]
tests/test_job_monitor.py::TestScoreResponse::test_partial_match_partial_confidence PASSED [ 74%]
tests/test_job_monitor.py::TestScoreResponse::test_perfect_match_high_confidence PASSED [ 74%]
tests/test_job_monitor.py::TestScoreResponse::test_samples_max_ats_sample_size PASSED [ 74%]
tests/test_job_monitor.py::TestClassifyBuffer::test_best_attempt_in_unknown PASSED [ 75%]
tests/test_job_monitor.py::TestClassifyBuffer::test_clear_winner PASSED  [ 75%]
tests/test_job_monitor.py::TestClassifyBuffer::test_close_call_detected PASSED [ 75%]
tests/test_job_monitor.py::TestClassifyBuffer::test_hiring_freeze_entry_accepted_if_only_option PASSED [ 75%]
tests/test_job_monitor.py::TestClassifyBuffer::test_low_confidence_runner_up_not_returned PASSED [ 76%]
tests/test_job_monitor.py::TestClassifyBuffer::test_runner_up_returned PASSED [ 76%]
tests/test_job_monitor.py::TestClassifyBuffer::test_unknown_empty_buffer PASSED [ 76%]
tests/test_job_monitor.py::TestClassifyBuffer::test_unknown_low_confidence PASSED [ 76%]
tests/test_job_monitor.py::TestClassifyBuffer::test_unknown_low_final_score PASSED [ 77%]
tests/test_job_monitor.py::TestClassifyBuffer::test_winner_returned PASSED [ 77%]
tests/test_job_monitor.py::TestTieBreak::test_ashby_beats_greenhouse PASSED [ 77%]
tests/test_job_monitor.py::TestTieBreak::test_ashby_beats_lever PASSED   [ 78%]
tests/test_job_monitor.py::TestTieBreak::test_full_order PASSED          [ 78%]
tests/test_job_monitor.py::TestTieBreak::test_lever_beats_greenhouse PASSED [ 78%]
tests/test_job_monitor.py::TestTieBreak::test_lever_beats_smartrecruiters PASSED [ 78%]
tests/test_job_monitor.py::TestTieBreak::test_single_candidate PASSED    [ 79%]
tests/test_job_monitor.py::TestTieBreak::test_workday_beats_greenhouse PASSED [ 79%]
tests/test_job_monitor.py::TestOverrideFlag::test_override_not_re_detected PASSED [ 79%]
tests/test_job_monitor.py::TestOverrideFlag::test_override_resets_empty_days PASSED [ 80%]
tests/test_job_monitor.py::TestOverrideFlag::test_override_stores_platform_and_slug PASSED [ 80%]
tests/test_job_monitor.py::TestMonitorableCompanies::test_close_call_company_included PASSED [ 80%]
tests/test_job_monitor.py::TestMonitorableCompanies::test_custom_company_excluded PASSED [ 80%]
tests/test_job_monitor.py::TestMonitorableCompanies::test_detected_company_included PASSED [ 81%]
tests/test_job_monitor.py::TestMonitorableCompanies::test_mixed_companies_filtered_correctly PASSED [ 81%]
tests/test_job_monitor.py::TestMonitorableCompanies::test_null_slug_excluded PASSED [ 81%]
tests/test_job_monitor.py::TestMonitorableCompanies::test_unknown_company_excluded PASSED [ 81%]
tests/test_job_monitor.py::TestMonitorableCompanies::test_unsupported_company_excluded_from_monitoring PASSED [ 82%]
tests/test_job_monitor.py::TestMonitorableCompanies::test_unsupported_company_in_all_companies PASSED [ 82%]
tests/test_job_monitor.py::TestATSPatternMatching::test_ashby_standard PASSED [ 82%]
tests/test_job_monitor.py::TestATSPatternMatching::test_google_redirect_decoded PASSED [ 83%]
tests/test_job_monitor.py::TestATSPatternMatching::test_greenhouse_job_boards PASSED [ 83%]
tests/test_job_monitor.py::TestATSPatternMatching::test_greenhouse_standard PASSED [ 83%]
tests/test_job_monitor.py::TestATSPatternMatching::test_lever_standard PASSED [ 83%]
tests/test_job_monitor.py::TestATSPatternMatching::test_no_match_custom_page PASSED [ 84%]
tests/test_job_monitor.py::TestATSPatternMatching::test_no_match_empty PASSED [ 84%]
tests/test_job_monitor.py::TestATSPatternMatching::test_no_match_linkedin PASSED [ 84%]
tests/test_job_monitor.py::TestATSPatternMatching::test_no_match_none PASSED [ 85%]
tests/test_job_monitor.py::TestATSPatternMatching::test_oracle_hcm PASSED [ 85%]
tests/test_job_monitor.py::TestATSPatternMatching::test_smartrecruiters_standard PASSED [ 85%]
tests/test_job_monitor.py::TestATSPatternMatching::test_workday_no_aggregator PASSED [ 85%]
tests/test_job_monitor.py::TestATSPatternMatching::test_workday_standard PASSED [ 86%]
tests/test_job_monitor.py::TestATSPatternMatching::test_workday_wd5 PASSED [ 86%]
tests/test_job_monitor.py::TestSlugValidation::test_block_alias_square PASSED [ 86%]
tests/test_job_monitor.py::TestSlugValidation::test_capitalone_workday PASSED [ 86%]
tests/test_job_monitor.py::TestSlugValidation::test_exact_slug_match PASSED [ 87%]
tests/test_job_monitor.py::TestSlugValidation::test_google_redirect_slug PASSED [ 87%]
tests/test_job_monitor.py::TestSlugValidation::test_jpmc_oracle PASSED   [ 87%]
tests/test_job_monitor.py::TestSlugValidation::test_meta_alias_facebook PASSED [ 88%]
tests/test_job_monitor.py::TestSlugValidation::test_nourish_rejected_for_jpmorgan PASSED [ 88%]
tests/test_job_monitor.py::TestSlugValidation::test_spotify_lever PASSED [ 88%]
tests/test_job_monitor.py::TestSlugValidation::test_stripe_greenhouse PASSED [ 88%]
tests/test_job_monitor.py::TestSlugValidation::test_substring_rejected_with_boundary PASSED [ 89%]
tests/test_job_monitor.py::TestSlugValidation::test_wrong_company_rejected PASSED [ 89%]
tests/test_job_monitor.py::TestSlugValidation::test_yieldmo_rejected_for_jpmorgan PASSED [ 89%]
tests/test_job_monitor.py::TestGoogleDetectorUtils::test_quota_exhausted_sentinel_not_none PASSED [ 90%]
tests/test_job_monitor.py::TestOracleHCMFetch::test_fetch_jobs_handles_invalid_slug PASSED [ 90%]
tests/test_job_monitor.py::TestOracleHCMFetch::test_fetch_jobs_handles_string_slug PASSED [ 90%]
tests/test_job_monitor.py::TestOracleHCMFetch::test_fetch_jobs_normalizes PASSED [ 90%]
tests/test_job_monitor.py::TestOracleHCMFetch::test_fetch_jobs_parses_posted_date PASSED [ 91%]
tests/test_job_monitor.py::TestOracleHCMFetch::test_fetch_jobs_returns_empty_on_failure PASSED [ 91%]
tests/test_job_monitor.py::TestOracleHCMFetch::test_fetch_jobs_skips_empty_title PASSED [ 91%]
tests/test_job_monitor.py::TestICIMSFetch::test_clean_title_strips_prefix PASSED [ 91%]
tests/test_job_monitor.py::TestICIMSFetch::test_extract_job_id PASSED    [ 92%]
tests/test_job_monitor.py::TestICIMSFetch::test_extract_posted_date PASSED [ 92%]
tests/test_job_monitor.py::TestICIMSFetch::test_extract_posted_date_returns_none_when_missing PASSED [ 92%]
tests/test_job_monitor.py::TestICIMSFetch::test_fetch_job_detail_extracts_location PASSED [ 93%]
tests/test_job_monitor.py::TestICIMSFetch::test_fetch_job_detail_extracts_posted_date PASSED [ 93%]
tests/test_job_monitor.py::TestICIMSFetch::test_fetch_jobs_returns_empty_on_404 PASSED [ 93%]
tests/test_job_monitor.py::TestICIMSFetch::test_fetch_jobs_returns_jobs PASSED [ 93%]
tests/test_job_monitor.py::TestICIMSFetch::test_fetch_jobs_strips_job_title_prefix PASSED [ 94%]
tests/test_job_monitor.py::TestICIMSFetch::test_icims_pattern_matches_careers_prefix PASSED [ 94%]
tests/test_job_monitor.py::TestICIMSFetch::test_icims_pattern_matches_plain_subdomain PASSED [ 94%]
tests/test_job_monitor.py::TestDetectionQueue::test_batch_size_respected PASSED [ 95%]
tests/test_job_monitor.py::TestDetectionQueue::test_detected_company_not_in_queue PASSED [ 95%]
tests/test_job_monitor.py::TestDetectionQueue::test_new_company_priority1 PASSED [ 95%]
tests/test_job_monitor.py::TestDetectionQueue::test_priority1_before_priority3 PASSED [ 95%]
tests/test_job_monitor.py::TestDetectionQueue::test_queue_stats_counts PASSED [ 96%]
tests/test_job_monitor.py::TestDetectionQueue::test_quiet_company_priority2 PASSED [ 96%]
tests/test_job_monitor.py::TestDetectionQueue::test_unknown_company_priority3 PASSED [ 96%]
tests/test_job_monitor.py::TestMonitorCLIFlags::test_detect_ats_no_company PASSED [ 96%]
tests/test_job_monitor.py::TestMonitorCLIFlags::test_detect_ats_with_company PASSED [ 97%]
tests/test_job_monitor.py::TestMonitorCLIFlags::test_find_only_does_not_trigger_monitor PASSED [ 97%]
tests/test_job_monitor.py::TestMonitorCLIFlags::test_monitor_jobs_flag PASSED [ 97%]
tests/test_job_monitor.py::TestMonitorCLIFlags::test_monitor_status_flag PASSED [ 98%]
tests/test_job_monitor.py::TestMonitorCLIFlags::test_outreach_does_not_trigger_monitor PASSED [ 98%]
tests/test_job_monitor.py::TestMonitorCLIFlags::test_verify_only_does_not_trigger_monitor PASSED [ 98%]
tests/test_job_monitor.py::TestInflightExclusionFromMissed::test_inflight_company_excluded_even_if_stale PASSED [ 98%]
tests/test_job_monitor.py::TestInflightExclusionFromMissed::test_mixed_inflight_and_not PASSED [ 99%]
tests/test_job_monitor.py::TestInflightExclusionFromMissed::test_non_inflight_stale_company_in_missed PASSED [ 99%]
tests/test_job_monitor.py::TestInflightExclusionFromMissed::test_recent_scan_not_in_missed_regardless_of_inflight PASSED [ 99%]
tests/test_job_monitor.py::TestInflightExclusionFromMissed::test_redis_unavailable_conservative_include_all PASSED [100%]

============== 360 passed, 4 subtests passed in 72.54s (0:01:12) ==============

DONE
